2026-02-15 19:13:07 [INFO] [autoreload] Watching for file changes with StatReloader
2026-02-15 19:15:40 [INFO] [autoreload] Watching for file changes with StatReloader
2026-02-15 19:16:04 [WARNING] [basehttp] "GET /myapp/index/common/section HTTP/1.1" 400 88686
2026-02-15 19:16:04 [WARNING] [basehttp] "GET /myapp/index/home/section HTTP/1.1" 400 88799
2026-02-15 19:16:04 [WARNING] [basehttp] "GET /myapp/index/home/section HTTP/1.1" 400 88799
2026-02-15 19:16:06 [WARNING] [basehttp] "GET /myapp/index/common/section HTTP/1.1" 400 88686
2026-02-15 19:16:06 [WARNING] [basehttp] "GET /myapp/index/home/section HTTP/1.1" 400 88799
2026-02-15 19:16:06 [WARNING] [basehttp] "GET /myapp/index/home/section HTTP/1.1" 400 88799
2026-02-15 19:17:40 [INFO] [autoreload] D:\leanpython\web_b2b\server\server\settings.py changed, reloading.
2026-02-15 19:17:41 [INFO] [autoreload] Watching for file changes with StatReloader
2026-02-15 19:17:46 [INFO] [incident_response] Security incident detected: PERMISSION_DENIED - HIGH - Permission denied: GET /myapp/index/common/section - User:  - IP: 127.0.0.1
2026-02-15 19:17:46 [INFO] [incident_response] Security incident detected: PERMISSION_DENIED - HIGH - Permission denied: GET /myapp/index/home/section - User:  - IP: unknown
2026-02-15 19:17:46 [INFO] [incident_response] Notified security team about incident: PERMISSION_DENIED - HIGH - Emails: []
2026-02-15 19:17:46 [INFO] [incident_response] Notified security team about incident: PERMISSION_DENIED - HIGH - Emails: []
2026-02-15 19:17:46 [WARNING] [basehttp] "GET /myapp/index/common/section HTTP/1.1" 403 43
2026-02-15 19:17:46 [WARNING] [basehttp] "GET /myapp/index/home/section HTTP/1.1" 403 43
2026-02-15 19:17:46 [INFO] [incident_response] Security incident detected: PERMISSION_DENIED - HIGH - Permission denied: GET /myapp/index/home/section - User:  - IP: unknown
2026-02-15 19:17:46 [INFO] [incident_response] Notified security team about incident: PERMISSION_DENIED - HIGH - Emails: []
2026-02-15 19:17:46 [WARNING] [basehttp] "GET /myapp/index/home/section HTTP/1.1" 403 43
2026-02-15 19:18:03 [INFO] [autoreload] D:\leanpython\web_b2b\server\myapp\views\index\home.py changed, reloading.
2026-02-15 19:18:04 [INFO] [autoreload] Watching for file changes with StatReloader
2026-02-15 19:18:07 [INFO] [autoreload] D:\leanpython\web_b2b\server\myapp\views\index\home.py changed, reloading.
2026-02-15 19:18:09 [INFO] [autoreload] Watching for file changes with StatReloader
2026-02-15 19:18:14 [INFO] [autoreload] D:\leanpython\web_b2b\server\myapp\views\index\common.py changed, reloading.
2026-02-15 19:18:15 [INFO] [autoreload] Watching for file changes with StatReloader
2026-02-15 19:18:26 [INFO] [autoreload] D:\leanpython\web_b2b\server\myapp\views\index\thing.py changed, reloading.
2026-02-15 19:18:27 [INFO] [autoreload] Watching for file changes with StatReloader
2026-02-15 19:18:31 [INFO] [autoreload] D:\leanpython\web_b2b\server\myapp\views\index\thing.py changed, reloading.
2026-02-15 19:18:32 [INFO] [autoreload] Watching for file changes with StatReloader
2026-02-15 19:18:39 [INFO] [autoreload] D:\leanpython\web_b2b\server\myapp\views\index\news.py changed, reloading.
2026-02-15 19:18:40 [INFO] [autoreload] Watching for file changes with StatReloader
2026-02-15 19:18:45 [INFO] [autoreload] D:\leanpython\web_b2b\server\myapp\views\index\news.py changed, reloading.
2026-02-15 19:18:46 [INFO] [autoreload] Watching for file changes with StatReloader
2026-02-15 19:18:51 [INFO] [autoreload] D:\leanpython\web_b2b\server\myapp\views\index\case.py changed, reloading.
2026-02-15 19:18:53 [INFO] [autoreload] Watching for file changes with StatReloader
2026-02-15 19:18:56 [INFO] [autoreload] D:\leanpython\web_b2b\server\myapp\views\index\case.py changed, reloading.
2026-02-15 19:18:58 [INFO] [autoreload] Watching for file changes with StatReloader
2026-02-15 19:19:05 [INFO] [autoreload] D:\leanpython\web_b2b\server\myapp\views\index\faq.py changed, reloading.
2026-02-15 19:19:06 [INFO] [autoreload] Watching for file changes with StatReloader
2026-02-15 19:19:15 [INFO] [autoreload] D:\leanpython\web_b2b\server\myapp\views\index\download.py changed, reloading.
2026-02-15 19:19:17 [INFO] [autoreload] Watching for file changes with StatReloader
2026-02-15 19:19:21 [INFO] [autoreload] D:\leanpython\web_b2b\server\myapp\views\index\download.py changed, reloading.
2026-02-15 19:19:22 [INFO] [autoreload] Watching for file changes with StatReloader
2026-02-15 19:19:26 [INFO] [autoreload] D:\leanpython\web_b2b\server\myapp\views\index\about.py changed, reloading.
2026-02-15 19:19:27 [INFO] [autoreload] Watching for file changes with StatReloader
2026-02-15 19:19:34 [INFO] [autoreload] D:\leanpython\web_b2b\server\myapp\views\index\contact.py changed, reloading.
2026-02-15 19:19:36 [INFO] [autoreload] Watching for file changes with StatReloader
2026-02-15 19:19:45 [INFO] [autoreload] D:\leanpython\web_b2b\server\myapp\views\index\inquiry.py changed, reloading.
2026-02-15 19:19:46 [INFO] [autoreload] Watching for file changes with StatReloader
2026-02-15 19:19:50 [INFO] [autoreload] D:\leanpython\web_b2b\server\myapp\views\index\inquiry.py changed, reloading.
2026-02-15 19:19:51 [INFO] [autoreload] Watching for file changes with StatReloader
2026-02-15 19:19:59 [INFO] [basehttp] "GET /myapp/index/common/section HTTP/1.1" 200 3254
2026-02-15 19:19:59 [INFO] [basehttp] "GET /myapp/index/home/section HTTP/1.1" 200 4959
2026-02-15 19:20:00 [INFO] [basehttp] "GET /upload/img/logo.png HTTP/1.1" 304 0
2026-02-15 19:20:22 [INFO] [autoreload] D:\leanpython\web_b2b\server\server\settings.py changed, reloading.
2026-02-15 19:20:23 [INFO] [autoreload] Watching for file changes with StatReloader
2026-02-15 19:20:28 [INFO] [basehttp] "GET /myapp/index/thing/section?page=1&pageSize=9 HTTP/1.1" 200 3501
2026-02-15 19:20:28 [INFO] [basehttp] "GET /myapp/index/thing/section?page=1&pageSize=12&searchQuery= HTTP/1.1" 200 3917
2026-02-15 19:20:29 [INFO] [basehttp] "GET /myapp/index/thing/section?page=1&pageSize=12&categoryId=8&searchQuery= HTTP/1.1" 200 2435
2026-02-15 19:20:29 [INFO] [basehttp] "GET /myapp/index/thing/section?page=1&pageSize=9 HTTP/1.1" 200 3501
2026-02-15 19:20:36 [INFO] [basehttp] "GET /myapp/index/about/section HTTP/1.1" 200 4216
2026-02-15 19:20:50 [INFO] [basehttp] "GET /myapp/index/thing/section?page=1&pageSize=12&categoryId=8&searchQuery= HTTP/1.1" 200 2435
2026-02-15 19:20:50 [INFO] [basehttp] "GET /myapp/index/thing/section?page=1&pageSize=9 HTTP/1.1" 200 3501
2026-02-15 19:21:28 [INFO] [basehttp] "GET /myapp/index/thing/detail?id=33 HTTP/1.1" 200 4063
2026-02-15 19:23:30 [INFO] [autoreload] D:\leanpython\web_b2b\server\server\settings.py changed, reloading.
2026-02-15 19:23:31 [INFO] [autoreload] Watching for file changes with StatReloader
2026-02-15 19:23:50 [INFO] [autoreload] D:\leanpython\web_b2b\server\myapp\views\admin\overview.py changed, reloading.
2026-02-15 19:23:52 [INFO] [autoreload] Watching for file changes with StatReloader
2026-02-15 19:25:45 [INFO] [basehttp] "GET /myapp/index/about/section HTTP/1.1" 200 4216
2026-02-15 19:25:47 [INFO] [basehttp] "GET /myapp/index/case/section?page=1&pageSize=9 HTTP/1.1" 200 21318
2026-02-15 19:25:47 [INFO] [basehttp] "GET /myapp/index/case/section?page=1&pageSize=9 HTTP/1.1" 200 21318
2026-02-15 19:25:51 [INFO] [basehttp] "GET /myapp/index/case/detail HTTP/1.1" 200 44
2026-02-15 19:26:00 [INFO] [basehttp] "GET /myapp/index/about/section HTTP/1.1" 200 4216
2026-02-15 19:26:00 [INFO] [basehttp] "GET /myapp/index/common/section HTTP/1.1" 200 3254
2026-02-15 19:26:04 [INFO] [basehttp] "GET /myapp/index/news/section?page=1&pageSize=9 HTTP/1.1" 200 2684
2026-02-15 19:26:04 [INFO] [basehttp] "GET /myapp/index/news/section?page=1&pageSize=9 HTTP/1.1" 200 2684
2026-02-15 19:26:07 [INFO] [basehttp] "GET /myapp/index/news/detail?id=16 HTTP/1.1" 200 19782
2026-02-15 19:26:10 [INFO] [basehttp] "GET /myapp/index/thing/detail?id=33 HTTP/1.1" 200 4063
2026-02-15 19:26:12 [INFO] [basehttp] "GET /myapp/index/case/section?page=1&pageSize=9 HTTP/1.1" 200 21318
2026-02-15 19:26:12 [INFO] [basehttp] "GET /myapp/index/case/section?page=1&pageSize=9 HTTP/1.1" 200 21318
2026-02-15 19:26:15 [INFO] [basehttp] "GET /myapp/index/case/detail HTTP/1.1" 200 44
2026-02-15 19:26:47 [INFO] [basehttp] "GET /myapp/index/common/section HTTP/1.1" 200 3254
2026-02-15 19:26:47 [INFO] [basehttp] "GET /myapp/index/thing/detail?id=33 HTTP/1.1" 200 4063
2026-02-15 19:26:51 [INFO] [basehttp] "GET /myapp/index/faq/section HTTP/1.1" 200 3996
2026-02-15 19:26:55 [INFO] [basehttp] "GET /myapp/index/download/section HTTP/1.1" 200 1652
2026-02-15 19:27:02 [INFO] [basehttp] "GET /myapp/index/contact/section HTTP/1.1" 200 1614
2026-02-15 19:27:20 [INFO] [basehttp] "OPTIONS /myapp/index/inquiry/create HTTP/1.1" 200 0
2026-02-15 19:27:20 [INFO] [incident_response] Security incident detected: PERMISSION_DENIED - HIGH - Permission denied: POST /myapp/index/inquiry/create - User:  - IP: 127.0.0.1
2026-02-15 19:27:20 [INFO] [incident_response] Notified security team about incident: PERMISSION_DENIED - HIGH - Emails: []
2026-02-15 19:27:20 [WARNING] [basehttp] "POST /myapp/index/inquiry/create HTTP/1.1" 403 33
2026-02-15 19:27:32 [WARNING] [basehttp] "GET /myapp/admin/basicGlobal/listInfo HTTP/1.1" 403 51
2026-02-15 19:27:32 [WARNING] [basehttp] "GET /myapp/admin/captcha?key=1771154852164&t=1771154852164 HTTP/1.1" 403 51
2026-02-15 19:27:33 [INFO] [autoreload] D:\leanpython\web_b2b\server\myapp\views\index\case.py changed, reloading.
2026-02-15 19:27:34 [INFO] [autoreload] Watching for file changes with StatReloader
2026-02-15 19:27:44 [WARNING] [basehttp] "GET /myapp/admin/captcha?key=1771154864228&t=1771154864228 HTTP/1.1" 403 51
2026-02-15 19:28:00 [INFO] [basehttp] "GET /myapp/index/case/section?page=1&pageSize=9 HTTP/1.1" 200 21318
2026-02-15 19:28:00 [INFO] [basehttp] "GET /myapp/index/case/section?page=1&pageSize=9 HTTP/1.1" 200 21318
2026-02-15 19:28:00 [INFO] [basehttp] "GET /myapp/index/common/section HTTP/1.1" 200 3254
2026-02-15 19:28:01 [INFO] [basehttp] "GET /upload/img/logo.png HTTP/1.1" 200 10236
2026-02-15 19:28:11 [INFO] [basehttp] "GET /myapp/index/case/detail HTTP/1.1" 200 44
2026-02-15 19:28:56 [INFO] [basehttp] "GET /myapp/index/case/detail HTTP/1.1" 200 44
2026-02-15 19:28:56 [INFO] [basehttp] "GET /myapp/index/common/section HTTP/1.1" 200 3254
2026-02-15 19:28:56 [INFO] [basehttp] "GET /upload/img/logo.png HTTP/1.1" 200 10236
2026-02-15 19:28:58 [INFO] [basehttp] "GET /myapp/index/common/section HTTP/1.1" 200 3254
2026-02-15 19:28:58 [INFO] [basehttp] "GET /myapp/index/case/detail HTTP/1.1" 200 44
2026-02-15 19:28:58 [INFO] [basehttp] "GET /upload/img/logo.png HTTP/1.1" 200 10236
2026-02-15 19:29:05 [INFO] [basehttp] "GET /myapp/index/case/detail HTTP/1.1" 200 44
2026-02-15 19:29:05 [INFO] [basehttp] "GET /myapp/index/common/section HTTP/1.1" 200 3254
2026-02-15 19:29:13 [INFO] [basehttp] "GET /myapp/index/case/section?page=1&pageSize=9 HTTP/1.1" 200 21318
2026-02-15 19:29:13 [INFO] [basehttp] "GET /myapp/index/case/section?page=1&pageSize=9 HTTP/1.1" 200 21318
2026-02-15 19:29:15 [INFO] [basehttp] "GET /myapp/index/case/detail HTTP/1.1" 200 44
2026-02-15 19:29:18 [INFO] [basehttp] "GET /myapp/index/case/section?page=1&pageSize=9 HTTP/1.1" 200 21318
2026-02-15 19:29:18 [INFO] [basehttp] "GET /myapp/index/case/section?page=1&pageSize=9 HTTP/1.1" 200 21318
2026-02-15 19:29:20 [INFO] [basehttp] "GET /myapp/index/case/detail HTTP/1.1" 200 44
2026-02-15 19:29:21 [INFO] [basehttp] "GET /myapp/index/case/section?page=1&pageSize=9 HTTP/1.1" 200 21318
2026-02-15 19:29:21 [INFO] [basehttp] "GET /myapp/index/case/section?page=1&pageSize=9 HTTP/1.1" 200 21318
2026-02-15 19:29:27 [INFO] [basehttp] "GET /myapp/index/common/section HTTP/1.1" 200 3254
2026-02-15 19:29:27 [INFO] [basehttp] "GET /myapp/index/case/section?page=1&pageSize=9 HTTP/1.1" 200 21318
2026-02-15 19:29:27 [INFO] [basehttp] "GET /myapp/index/case/section?page=1&pageSize=9 HTTP/1.1" 200 21318
2026-02-15 19:29:35 [INFO] [basehttp] "GET /myapp/index/common/section HTTP/1.1" 200 3254
2026-02-15 19:29:35 [INFO] [basehttp] "GET /myapp/index/case/detail?id=999 HTTP/1.1" 200 44
2026-02-15 19:29:36 [INFO] [basehttp] "GET /upload/img/logo.png HTTP/1.1" 200 10236
2026-02-15 19:30:26 [INFO] [basehttp] "GET /myapp/index/thing/section?page=1&pageSize=9 HTTP/1.1" 200 3501
2026-02-15 19:30:26 [INFO] [basehttp] "GET /myapp/index/thing/section?page=1&pageSize=12&searchQuery= HTTP/1.1" 200 3917
2026-02-15 19:30:29 [INFO] [basehttp] "GET /myapp/index/thing/detail?id=39 HTTP/1.1" 200 5504
2026-02-15 19:30:31 [INFO] [basehttp] "GET /myapp/index/contact/section HTTP/1.1" 200 1614
2026-02-15 19:30:33 [INFO] [basehttp] "GET /myapp/index/about/section HTTP/1.1" 200 4216
2026-02-15 19:30:40 [INFO] [basehttp] "GET /upload/img/1749285458687.jpg HTTP/1.1" 304 0
2026-02-15 19:30:44 [INFO] [basehttp] "GET /upload/img/1747119224816.jpg HTTP/1.1" 304 0
2026-02-15 19:31:00 [INFO] [basehttp] "GET /myapp/index/case/section?page=1&pageSize=9 HTTP/1.1" 200 21318
2026-02-15 19:31:00 [INFO] [basehttp] "GET /myapp/index/case/section?page=1&pageSize=9 HTTP/1.1" 200 21318
2026-02-15 19:31:01 [INFO] [basehttp] "GET /myapp/index/case/detail?id=17 HTTP/1.1" 200 3720
